<?xml version="1.0" encoding="UTF-8"?>
<testsuite xmlns:xsi="http://www.w3.org/2001/XMLSchema-instance" xsi:noNamespaceSchemaLocation="https://maven.apache.org/surefire/maven-surefire-plugin/xsd/surefire-test-report.xsd" version="3.0.2" name="org.infyntrek.farmsync.FarmSyncCropExpenseTrackerApplicationTests" time="10.461" tests="1" errors="0" skipped="0" failures="0">
  <properties>
[...]
</properties>
  <testcase name="contextLoads" classname="org.infyntrek.farmsync.FarmSyncCropExpenseTrackerApplicationTests" time="0.54">
    <system-out><![CDATA[22:18:46.307 [main] INFO org.springframework.test.context.support.AnnotationConfigContextLoaderUtils -- Could not detect default configuration classes for test class [org.infyntrek.farmsync.FarmSyncCropExpenseTrackerApplicationTests]: FarmSyncCropExpenseTrackerApplicationTests does not declare any static, non-private, non-final, nested classes annotated with @Configuration.
22:18:46.493 [main] INFO org.springframework.boot.test.context.SpringBootTestContextBootstrapper -- Found @SpringBootConfiguration org.infyntrek.farmsync.FarmSyncCropExpenseTrackerApplication for test class org.infyntrek.farmsync.FarmSyncCropExpenseTrackerApplicationTests

  .   ____          _            __ _ _
 /\\ / ___'_ __ _ _(_)_ __  __ _ \ \ \ \
( ( )\___ | '_ | '_| | '_ \/ _` | \ \ \ \
 \\/  ___)| |_)| | | | | || (_| |  ) ) ) )
  '  |____| .__|_| |_|_| |_\__, | / / / /
 =========|_|==============|___/=/_/_/_/

 :: Spring Boot ::                (v3.4.4)

2026-03-26T22:18:47.282+05:30  INFO 26388 --- [farmsync] [           main] rmSyncCropExpenseTrackerApplicationTests : Starting FarmSyncCropExpenseTrackerApplicationTests using Java 17.0.17 with PID 26388 (started by Admin in C:\Users\Admin\FarmSync123\Backend)
2026-03-26T22:18:47.285+05:30  INFO 26388 --- [farmsync] [           main] rmSyncCropExpenseTrackerApplicationTests : The following 1 profile is active: "test"
2026-03-26T22:18:48.660+05:30  INFO 26388 --- [farmsync] [           main] .s.d.r.c.RepositoryConfigurationDelegate : Bootstrapping Spring Data JPA repositories in DEFAULT mode.
2026-03-26T22:18:48.734+05:30  INFO 26388 --- [farmsync] [           main] .s.d.r.c.RepositoryConfigurationDelegate : Finished Spring Data repository scanning in 63 ms. Found 1 JPA repository interface.
2026-03-26T22:18:49.761+05:30  INFO 26388 --- [farmsync] [           main] o.hibernate.jpa.internal.util.LogHelper  : HHH000204: Processing PersistenceUnitInfo [name: default]
2026-03-26T22:18:49.894+05:30  INFO 26388 --- [farmsync] [           main] org.hibernate.Version                    : HHH000412: Hibernate ORM core version 6.6.11.Final
2026-03-26T22:18:50.000+05:30  INFO 26388 --- [farmsync] [           main] o.h.c.internal.RegionFactoryInitiator    : HHH000026: Second-level cache disabled
2026-03-26T22:18:50.841+05:30  INFO 26388 --- [farmsync] [           main] o.s.o.j.p.SpringPersistenceUnitInfo      : No LoadTimeWeaver setup: ignoring JPA class transformer
2026-03-26T22:18:50.909+05:30  INFO 26388 --- [farmsync] [           main] com.zaxxer.hikari.HikariDataSource       : HikariPool-1 - Starting...
2026-03-26T22:18:51.209+05:30  INFO 26388 --- [farmsync] [           main] com.zaxxer.hikari.pool.HikariPool        : HikariPool-1 - Added connection conn0: url=jdbc:h2:mem:testdb user=SA
2026-03-26T22:18:51.211+05:30  INFO 26388 --- [farmsync] [           main] com.zaxxer.hikari.HikariDataSource       : HikariPool-1 - Start completed.
2026-03-26T22:18:51.237+05:30  WARN 26388 --- [farmsync] [           main] org.hibernate.orm.deprecation            : HHH90000025: H2Dialect does not need to be specified explicitly using 'hibernate.dialect' (remove the property setting and it will be selected by default)
2026-03-26T22:18:51.260+05:30  INFO 26388 --- [farmsync] [           main] org.hibernate.orm.connections.pooling    : HHH10001005: Database info:
	Database JDBC URL [Connecting through datasource 'HikariDataSource (HikariPool-1)']
	Database driver: undefined/unknown
	Database version: 2.3.232
	Autocommit mode: undefined/unknown
	Isolation level: undefined/unknown
	Minimum pool size: undefined/unknown
	Maximum pool size: undefined/unknown
2026-03-26T22:18:52.071+05:30  INFO 26388 --- [farmsync] [           main] o.h.e.t.j.p.i.JtaPlatformInitiator       : HHH000489: No JTA platform available (set 'hibernate.transaction.jta.platform' to enable JTA platform integration)
2026-03-26T22:18:52.110+05:30  INFO 26388 --- [farmsync] [           main] j.LocalContainerEntityManagerFactoryBean : Initialized JPA EntityManagerFactory for persistence unit 'default'
2026-03-26T22:18:53.273+05:30  INFO 26388 --- [farmsync] [           main] eAuthenticationProviderManagerConfigurer : Global AuthenticationManager configured with AuthenticationProvider bean with name authenticationProvider
2026-03-26T22:18:53.275+05:30  WARN 26388 --- [farmsync] [           main] r$InitializeUserDetailsManagerConfigurer : Global AuthenticationManager configured with an AuthenticationProvider bean. UserDetailsService beans will not be used by Spring Security for automatically configuring username/password login. Consider removing the AuthenticationProvider bean. Alternatively, consider using the UserDetailsService in a manually instantiated DaoAuthenticationProvider. If the current configuration is intentional, to turn off this warning, increase the logging level of 'org.springframework.security.config.annotation.authentication.configuration.InitializeUserDetailsBeanManagerConfigurer' to ERROR
2026-03-26T22:18:55.794+05:30  INFO 26388 --- [farmsync] [           main] o.s.b.a.h2.H2ConsoleAutoConfiguration    : H2 console available at '/h2-console'. Database available at 'jdbc:h2:mem:testdb'
2026-03-26T22:18:55.939+05:30  INFO 26388 --- [farmsync] [           main] rmSyncCropExpenseTrackerApplicationTests : Started FarmSyncCropExpenseTrackerApplicationTests in 9.185 seconds (process running for 10.696)
]]></system-out>
  </testcase>
</testsuite>